Executing the C code of file './material/code-generation-tests/OK_GER10.c'
1 1 2 2 3 3 4 4
1 1 2 2 3 3 4 4 
Executing the C code of file './material/code-generation-tests/OK_GER01.c'
7 0 1 2 3 4 5 6 7
7 0 1 2 3 4 5 6 7 
Executing the C code of file './material/code-generation-tests/OK_GER02.c'
6 1 2 3 4 5 6
6 1 2 3 4 5 6 
Executing the C code of file './material/code-generation-tests/OK_GER03.c'
6 1 2 3 4 5 6
6 1 2 3 4 5 6 
Executing the C code of file './material/code-generation-tests/OK_GER04.c'
6 1 2 3 4 5 6
6 1 2 3 4 5 6 
Executing the C code of file './material/code-generation-tests/OK_GER05.c'

Ok-ger05
The output should be what you give as input.
Type in six numbers
111111
Executing the C code of file './material/code-generation-tests/OK_GER06.c'
7 1 2 3 4 5 6 7
7 1 2 3 4 5 6 7 
Executing the C code of file './material/code-generation-tests/OK_GER07.c'
0
0
Executing the C code of file './material/code-generation-tests/OK_GER08.c'
1 1 2 2 3 3 4 5 6 7
1 1 2 2 3 3 4 5 6 7 
Executing the C code of file './material/code-generation-tests/OK_GER09.c'
1 1 2 2 3 3 4 4
1 1  2 2  3 3  4 4
 
Executing the C code of file './material/code-generation-tests/OK_GER11.c'
4 1 2 3 4
4 1  2  4 
Executing the C code of file './material/code-generation-tests/OK_GER12.c'
1 2 1 2 1 2 1 2
